<?xml version="1.0" encoding="UTF-8"?>
<!-- Generated by org.testng.reporters.JUnitXMLReporter -->
<testsuite hostname="Wessam" ignored="0" name="Default test" tests="5" failures="0" timestamp="2020-07-21T00:52:04 EET" time="334.777" errors="0">
  <testcase name="Vodafone" time="79.238" classname="Deepdiv.Selenium.Testclass"/>
  <testcase name="Vodafone" time="61.22" classname="Deepdiv.Selenium.Testclass"/>
  <testcase name="Vodafone" time="59.672" classname="Deepdiv.Selenium.Testclass"/>
  <testcase name="Vodafone" time="58.995" classname="Deepdiv.Selenium.Testclass"/>
  <testcase name="Vodafone" time="59.446" classname="Deepdiv.Selenium.Testclass"/>
</testsuite> <!-- Default test -->
